build/app/outputs/mapping/release/seeds.txt
com.travel.travelworldonline.MainActivity
com.travel.travelworldonline.MainActivity: MainActivity()
...
androidx.core.content.res.ResourcesCompat$Api23Impl: int getColor(android.content.res.Resources,int,android.content.res.Resources$Theme)
com.google.android.material.textfield.TextInputLayout: void setBoxBackgroundColorResource(int)
androidx.core.view.ViewCompat$Api31Impl: java.lang.String[] getReceiveContentMimeTypes(android.view.View)
android.support.v4.media.RatingCompat$Api19Impl: android.media.Rating newStarRating(int,float)
androidx.window.layout.ExtensionWindowLayoutInfoBackend: ExtensionWindowLayoutInfoBackend(androidx.window.extensions.layout.WindowLayoutComponent)
com.google.android.material.card.MaterialCardView: void setShapeAppearanceModel(com.google.android.material.shape.ShapeAppearanceModel)
kotlin.jvm.internal.FunctionReference: boolean isOperator()
com.google.firebase.messaging.reporting.MessagingClientEvent$SDKPlatform: com.google.firebase.messaging.reporting.MessagingClientEvent$SDKPlatform[] values()
androidx.core.view.ViewCompat$Api30Impl: java.lang.CharSequence getStateDescription(android.view.View)
io.flutter.embedding.android.FlutterView$ZeroSides: io.flutter.embedding.android.FlutterView$ZeroSides valueOf(java.lang.String)
com.google.firebase.messaging.reporting.MessagingClientEvent$SDKPlatform: com.google.firebase.messaging.reporting.MessagingClientEvent$SDKPlatform valueOf(java.lang.String)
com.google.android.material.chip.Chip: float getCloseIconSize()
com.google.android.material.floatingactionbutton.FloatingActionButton: void setImageDrawable(android.graphics.drawable.Drawable)
androidx.appcompat.widget.FitWindowsLinearLayout: FitWindowsLinearLayout(android.content.Context,android.util.AttributeSet)
com.google.android.datatransport.cct.internal.QosTier: com.google.android.datatransport.cct.internal.QosTier valueOf(java.lang.String)
androidx.window.layout.SidecarAdapter$Companion: SidecarAdapter$Companion(kotlin.jvm.internal.DefaultConstructorMarker)
androidx.constraintlayout.widget.Barrier: void setMargin(int)
com.google.android.material.textfield.TextInputLayout: void setHintTextAppearance(int)
android.support.v4.media.AudioAttributesCompatParcelizer: void write(androidx.media.AudioAttributesCompat,androidx.versionedparcelable.VersionedParcel)
androidx.media2.common.VideoSizeParcelizer: VideoSizeParcelizer()
kotlin.coroutines.jvm.internal.BaseContinuationImpl: kotlin.coroutines.jvm.internal.CoroutineStackFrame getCallerFrame()
androidx.appcompat.view.menu.ListMenuItemView: void setChecked(boolean)
com.google.android.material.chip.Chip: void setChecked(boolean)
com.google.android.material.floatingactionbutton.FloatingActionButton: void setBackgroundResource(int)
com.google.android.material.floatingactionbutton.FloatingActionButton: android.graphics.PorterDuff$Mode getSupportImageTintMode()
io.flutter.plugin.editing.ImeSyncDeferringInsetsCallback: boolean access$202(io.flutter.plugin.editing.ImeSyncDeferringInsetsCallback,boolean)
androidx.appcompat.app.AlertController$RecycleListView: AlertController$RecycleListView(android.content.Context,android.util.AttributeSet)
io.flutter.plugins.firebase.messaging.FlutterFirebaseMessagingBackgroundService: FlutterFirebaseMessagingBackgroundService()
androidx.lifecycle.EmptyActivityLifecycleCallbacks: void onActivityStarted(android.app.Activity)
androidx.core.view.ViewCompat$Api28Impl: void setScreenReaderFocusable(android.view.View,boolean)
androidx.appcompat.widget.ActionBarContextView: void setCustomView(android.view.View)
androidx.lifecycle.ProcessLifecycleOwner$3$1: void onActivityPostResumed(android.app.Activity)
androidx.recyclerview.widget.RecyclerView: boolean getPreserveFocusAfterLayout()
com.google.android.material.textfield.TextInputLayout: void setErrorIconOnLongClickListener(android.view.View$OnLongClickListener)
androidx.appcompat.widget.AppCompatAutoCompleteTextView: android.graphics.PorterDuff$Mode getSupportCompoundDrawablesTintMode()
androidx.appcompat.widget.Toolbar: int getCurrentContentInsetRight()