build/app/outputs/mapping/release/mapping.txt
# compiler: R8
# compiler_version: 3.1.66
# min_api: 23
# pg_map_id: ee1d0f8
# common_typos_disable
# {"id":"com.android.tools.r8.mapping","version":"1.0"}
...
androidx.core.widget.TextViewOnReceiveContentListener$ApiImpl -> androidx.core.widget.k$b:
    java.lang.CharSequence coerce(android.content.Context,android.content.ClipData$Item,int) -> a
androidx.core.widget.TintableCheckedTextView -> androidx.core.widget.l:
androidx.core.widget.TintableCompoundButton -> androidx.core.widget.m:
androidx.core.widget.TintableCompoundDrawablesView -> androidx.core.widget.n:
androidx.core.widget.TintableImageSourceView -> androidx.core.widget.o:
androidx.cursoradapter.widget.CursorAdapter -> y.a:
    int mRowIDColumn -> j
    androidx.cursoradapter.widget.CursorFilter mCursorFilter -> m
    android.database.Cursor mCursor -> h
    android.content.Context mContext -> i
    boolean mDataValid -> f
    android.database.DataSetObserver mDataSetObserver -> l
    boolean mAutoRequery -> g
    androidx.cursoradapter.widget.CursorAdapter$ChangeObserver mChangeObserver -> k
    void changeCursor(android.database.Cursor) -> a
    android.database.Cursor getCursor() -> b
    java.lang.CharSequence convertToString(android.database.Cursor) -> c
    void bindView(android.view.View,android.content.Context,android.database.Cursor) -> e
    void init(android.content.Context,android.database.Cursor,int) -> f
    android.view.View newDropDownView(android.content.Context,android.database.Cursor,android.view.ViewGroup) -> g
    android.view.View newView(android.content.Context,android.database.Cursor,android.view.ViewGroup) -> h
    void onContentChanged() -> i
    android.database.Cursor swapCursor(android.database.Cursor) -> j
androidx.cursoradapter.widget.CursorAdapter$ChangeObserver -> y.a$a:
    androidx.cursoradapter.widget.CursorAdapter this$0 -> a
androidx.cursoradapter.widget.CursorAdapter$MyDataSetObserver -> y.a$b:
    androidx.cursoradapter.widget.CursorAdapter this$0 -> a
androidx.cursoradapter.widget.CursorFilter -> y.b:
    androidx.cursoradapter.widget.CursorFilter$CursorFilterClient mClient -> a
androidx.cursoradapter.widget.CursorFilter$CursorFilterClient -> y.b$a:
    void changeCursor(android.database.Cursor) -> a
    android.database.Cursor getCursor() -> b
    java.lang.CharSequence convertToString(android.database.Cursor) -> c
    android.database.Cursor runQueryOnBackgroundThread(java.lang.CharSequence) -> d
androidx.cursoradapter.widget.ResourceCursorAdapter -> y.c:
    int mLayout -> n
    int mDropDownLayout -> o
    android.view.LayoutInflater mInflater -> p
    android.view.View newDropDownView(android.content.Context,android.database.Cursor,android.view.ViewGroup) -> g
    android.view.View newView(android.content.Context,android.database.Cursor,android.view.ViewGroup) -> h
androidx.customview.view.AbsSavedState -> z.a:
    android.os.Parcelable mSuperState -> f
    androidx.customview.view.AbsSavedState EMPTY_STATE -> g
    android.os.Parcelable getSuperState() -> i
androidx.customview.view.AbsSavedState$1 -> z.a$a:
androidx.customview.view.AbsSavedState$2 -> z.a$b:
    androidx.customview.view.AbsSavedState createFromParcel(android.os.Parcel) -> a
    androidx.customview.view.AbsSavedState createFromParcel(android.os.Parcel,java.lang.ClassLoader) -> b
    androidx.customview.view.AbsSavedState[] newArray(int) -> c