build/app/outputs/mapping/release/usage.txt
com.travel.travelworldonline.BuildConfig
com.travel.travelworldonline.R$anim
com.travel.travelworldonline.R$animator
com.travel.travelworldonline.R$array
com.travel.travelworldonline.R$attr
com.travel.travelworldonline.R$bool
com.travel.travelworldonline.R$color
com.travel.travelworldonline.R$dimen
com.travel.travelworldonline.R$drawable
com.travel.travelworldonline.R$font
com.travel.travelworldonline.R$id
com.travel.travelworldonline.R$integer
com.travel.travelworldonline.R$interpolator
com.travel.travelworldonline.R$layout
com.travel.travelworldonline.R$mipmap
com.travel.travelworldonline.R$plurals
com.travel.travelworldonline.R$raw
com.travel.travelworldonline.R$string
com.travel.travelworldonline.R$style
com.travel.travelworldonline.R$styleable
com.travel.travelworldonline.R$xml
com.travel.travelworldonline.R
...
io.flutter.embedding.engine.systemchannels.RestorationChannel:
    private static final java.lang.String TAG
io.flutter.embedding.engine.systemchannels.SettingsChannel:
    private static final java.lang.String ALWAYS_USE_24_HOUR_FORMAT
    private static final java.lang.String BRIEFLY_SHOW_PASSWORD
    public static final java.lang.String CHANNEL_NAME
    private static final java.lang.String NATIVE_SPELL_CHECK_SERVICE_DEFINED
    private static final java.lang.String PLATFORM_BRIGHTNESS
    private static final java.lang.String TAG
    private static final java.lang.String TEXT_SCALE_FACTOR
io.flutter.embedding.engine.systemchannels.SpellCheckChannel:
    private static final java.lang.String TAG
io.flutter.embedding.engine.systemchannels.SystemChannel:
    private static final java.lang.String TAG
io.flutter.embedding.engine.systemchannels.TextInputChannel:
    private static final java.lang.String TAG
io.flutter.plugin.common.ActivityLifecycleListener
io.flutter.plugin.common.BasicMessageChannel:
    public static final java.lang.String CHANNEL_BUFFERS_CHANNEL
    private static final java.lang.String TAG
    public void resizeChannelBuffer(int)
    static void resizeChannelBuffer(io.flutter.plugin.common.BinaryMessenger,java.lang.String,int)
io.flutter.plugin.common.BinaryCodec
io.flutter.plugin.common.BinaryMessenger$-CC:
    public static void $default$disableBufferingIncomingMessages(io.flutter.plugin.common.BinaryMessenger)
    public static void $default$enableBufferingIncomingMessages(io.flutter.plugin.common.BinaryMessenger)
io.flutter.plugin.common.BinaryMessenger$TaskQueueOptions:
    public io.flutter.plugin.common.BinaryMessenger$TaskQueueOptions setIsSerial(boolean)
io.flutter.plugin.common.BinaryMessenger:
    public void disableBufferingIncomingMessages()
    public void enableBufferingIncomingMessages()
io.flutter.plugin.common.ErrorLogResult
io.flutter.plugin.common.EventChannel:
    private static final java.lang.String TAG
io.flutter.plugin.common.FlutterException:
    private static final java.lang.String TAG
io.flutter.plugin.common.JSONUtil:
    private void <init>()
    public static java.lang.Object unwrap(java.lang.Object)
io.flutter.plugin.common.MethodChannel:
    private static final java.lang.String TAG
    public void resizeChannelBuffer(int)
io.flutter.plugin.common.PluginRegistry$PluginRegistrantCallback
io.flutter.plugin.common.PluginRegistry$Registrar
io.flutter.plugin.common.PluginRegistry$ViewDestroyListener
io.flutter.plugin.common.PluginRegistry
io.flutter.plugin.common.StandardMessageCodec:
    private static final byte BIGINT
    private static final byte BYTE_ARRAY
    private static final byte DOUBLE
    private static final byte DOUBLE_ARRAY
    private static final byte FALSE
    private static final byte FLOAT_ARRAY
    private static final byte INT
    private static final byte INT_ARRAY
    private static final byte LIST
    private static final byte LONG
    private static final byte LONG_ARRAY
    private static final byte MAP
    private static final byte NULL
    private static final byte STRING
    private static final java.lang.String TAG
    private static final byte TRUE
io.flutter.plugin.editing.FlutterTextUtils:
    public static final int CANCEL_TAG
    public static final int CARRIAGE_RETURN
    public static final int COMBINING_ENCLOSING_KEYCAP
    public static final int LINE_FEED
    public static final int ZERO_WIDTH_JOINER
io.flutter.plugin.editing.InputConnectionAdaptor:
    private static final java.lang.String TAG
    private static int clampIndexToEditable(int,android.text.Editable)
io.flutter.plugin.editing.ListenableEditingState:
    private static final java.lang.String TAG
io.flutter.plugin.editing.SpellCheckPlugin:
    private static final int MAX_SPELL_CHECK_SUGGESTIONS